[23:47:13] [ServerMain/INFO]: Environment: Environment[sessionHost=https://sessionserver.mojang.com, servicesHost=https://api.minecraftservices.com, name=PROD]
[23:47:14] [ServerMain/INFO]: Loaded 1290 recipes
[23:47:14] [ServerMain/INFO]: Loaded 1399 advancements
[23:47:15] [Server thread/INFO]: Starting minecraft server version 1.21
[23:47:15] [Server thread/INFO]: Loading properties
[23:47:15] [Server thread/INFO]: Default game type: SURVIVAL
[23:47:15] [Server thread/INFO]: Generating keypair
[23:47:15] [Server thread/INFO]: Starting Minecraft server on *:25565
[23:47:15] [Server thread/INFO]: Using epoll channel type
[23:47:15] [Server thread/WARN]: **** SERVER IS RUNNING IN OFFLINE/INSECURE MODE!
[23:47:15] [Server thread/WARN]: The server will make no attempt to authenticate usernames. Beware.
[23:47:15] [Server thread/WARN]: While this makes the game possible to play without internet access, it also opens up the ability for hackers to connect with any username they choose.
[23:47:15] [Server thread/WARN]: To change this, set "online-mode" to "true" in the server.properties file.
[23:47:15] [Server thread/INFO]: Preparing level "world"
[23:47:18] [Server thread/INFO]: Preparing start region for dimension minecraft:overworld
[23:47:18] [Worker-Main-2/INFO]: Preparing spawn area: 0%
[23:47:18] [Server thread/INFO]: Time elapsed: 487 ms
[23:47:18] [Server thread/INFO]: Done (2.967s)! For help, type "help"
[23:48:05] [Server thread/INFO]: Alvnsinn_[/[0:0:0:0:0:0:0:1%0]:48986] logged in with entity id 13 at (729.1016366930011, 94.0, 155.26425829619492)
[23:48:05] [Server thread/INFO]: Alvnsinn_ joined the game
[23:53:36] [Server thread/INFO]: PanterK_YT[/[0:0:0:0:0:0:0:1%0]:51654] logged in with entity id 1253 at (728.1951899575289, 94.0, 157.58538298145496)
[23:53:36] [Server thread/INFO]: PanterK_YT joined the game
